"C:\Program Files\CMake\bin\cmake.exe" -SE:\TPS_HDD\UE4-HTML5-TPS\UE4_ThirdParty\Vorbis\libvorbis-1.3.2 -BE:\TPS_HDD\UE4-HTML5-TPS\Intermediate\1.39.0-fc-mt\libvorbis-1.3.2\BUILD_O3 --check-build-system CMakeFiles\Makefile.cmake 0
"C:\Program Files\CMake\bin\cmake.exe" -E cmake_progress_start E:\TPS_HDD\UE4-HTML5-TPS\Intermediate\1.39.0-fc-mt\libvorbis-1.3.2\BUILD_O3\CMakeFiles E:\TPS_HDD\UE4-HTML5-TPS\Intermediate\1.39.0-fc-mt\libvorbis-1.3.2\BUILD_O3\CMakeFiles\progress.marks
E:/TPS_HDD/UE4-HTML5-TPS/HTML5_Build/emsdk/emsdk-1.39.0-fastcomp/mingw/7.1.0_64bit/bin/mingw32-make.exe  -f CMakeFiles\Makefile2 all
mingw32-make.exe[1]: Entering directory 'E:/TPS_HDD/UE4-HTML5-TPS/Intermediate/1.39.0-fc-mt/libvorbis-1.3.2/BUILD_O3'
E:/TPS_HDD/UE4-HTML5-TPS/HTML5_Build/emsdk/emsdk-1.39.0-fastcomp/mingw/7.1.0_64bit/bin/mingw32-make.exe  -f lib\CMakeFiles\vorbis.dir\build.make lib/CMakeFiles/vorbis.dir/depend
mingw32-make.exe[2]: Entering directory 'E:/TPS_HDD/UE4-HTML5-TPS/Intermediate/1.39.0-fc-mt/libvorbis-1.3.2/BUILD_O3'
"C:\Program Files\CMake\bin\cmake.exe" -E cmake_depends "MinGW Makefiles" E:\TPS_HDD\UE4-HTML5-TPS\UE4_ThirdParty\Vorbis\libvorbis-1.3.2 E:\TPS_HDD\UE4-HTML5-TPS\UE4_ThirdParty\Vorbis\libvorbis-1.3.2\lib E:\TPS_HDD\UE4-HTML5-TPS\Intermediate\1.39.0-fc-mt\libvorbis-1.3.2\BUILD_O3 E:\TPS_HDD\UE4-HTML5-TPS\Intermediate\1.39.0-fc-mt\libvorbis-1.3.2\BUILD_O3\lib E:\TPS_HDD\UE4-HTML5-TPS\Intermediate\1.39.0-fc-mt\libvorbis-1.3.2\BUILD_O3\lib\CMakeFiles\vorbis.dir\DependInfo.cmake --color=
Dependee "E:\TPS_HDD\UE4-HTML5-TPS\Intermediate\1.39.0-fc-mt\libvorbis-1.3.2\BUILD_O3\lib\CMakeFiles\vorbis.dir\DependInfo.cmake" is newer than depender "E:/TPS_HDD/UE4-HTML5-TPS/Intermediate/1.39.0-fc-mt/libvorbis-1.3.2/BUILD_O3/lib/CMakeFiles/vorbis.dir/depend.internal".
Dependee "E:/TPS_HDD/UE4-HTML5-TPS/Intermediate/1.39.0-fc-mt/libvorbis-1.3.2/BUILD_O3/lib/CMakeFiles/CMakeDirectoryInformation.cmake" is newer than depender "E:/TPS_HDD/UE4-HTML5-TPS/Intermediate/1.39.0-fc-mt/libvorbis-1.3.2/BUILD_O3/lib/CMakeFiles/vorbis.dir/depend.internal".
[35m[1mScanning dependencies of target vorbis[0m
mingw32-make.exe[2]: Leaving directory 'E:/TPS_HDD/UE4-HTML5-TPS/Intermediate/1.39.0-fc-mt/libvorbis-1.3.2/BUILD_O3'
E:/TPS_HDD/UE4-HTML5-TPS/HTML5_Build/emsdk/emsdk-1.39.0-fastcomp/mingw/7.1.0_64bit/bin/mingw32-make.exe  -f lib\CMakeFiles\vorbis.dir\build.make lib/CMakeFiles/vorbis.dir/build
mingw32-make.exe[2]: Entering directory 'E:/TPS_HDD/UE4-HTML5-TPS/Intermediate/1.39.0-fc-mt/libvorbis-1.3.2/BUILD_O3'
[ 24%] [32mBuilding C object lib/CMakeFiles/vorbis.dir/smallft.c.o[0m
cd /d E:\TPS_HDD\UE4-HTML5-TPS\Intermediate\1.39.0-fc-mt\libvorbis-1.3.2\BUILD_O3\lib && E:\TPS_HDD\UE4-HTML5-TPS\HTML5_Build\emsdk\emsdk-1.39.0-fastcomp\fastcomp\emscripten\emcc.bat  @CMakeFiles/vorbis.dir/includes_C.rsp -O3 -DNDEBUG -s WASM=1 -s USE_PTHREADS -Wno-implicit-function-declaration -I"/e/TPS_HDD/UE4-HTML5-TPS/HTML5_Build/BatchFiles/../../UE4_ThirdParty/Ogg/libogg-1.2.2/include" -Wno-comment -Wno-shift-op-parentheses   -o CMakeFiles\vorbis.dir\smallft.c.o   -c E:\TPS_HDD\UE4-HTML5-TPS\UE4_ThirdParty\Vorbis\libvorbis-1.3.2\lib\smallft.c
[ 40%] [32mBuilding C object lib/CMakeFiles/vorbis.dir/analysis.c.o[0m
cd /d E:\TPS_HDD\UE4-HTML5-TPS\Intermediate\1.39.0-fc-mt\libvorbis-1.3.2\BUILD_O3\lib && E:\TPS_HDD\UE4-HTML5-TPS\HTML5_Build\emsdk\emsdk-1.39.0-fastcomp\fastcomp\emscripten\emcc.bat  @CMakeFiles/vorbis.dir/includes_C.rsp -O3 -DNDEBUG -s WASM=1 -s USE_PTHREADS -Wno-implicit-function-declaration -I"/e/TPS_HDD/UE4-HTML5-TPS/HTML5_Build/BatchFiles/../../UE4_ThirdParty/Ogg/libogg-1.2.2/include" -Wno-comment -Wno-shift-op-parentheses   -o CMakeFiles\vorbis.dir\analysis.c.o   -c E:\TPS_HDD\UE4-HTML5-TPS\UE4_ThirdParty\Vorbis\libvorbis-1.3.2\lib\analysis.c
[ 40%] [32mBuilding C object lib/CMakeFiles/vorbis.dir/lsp.c.o[0m
[ 80%] [32mBuilding C object lib/CMakeFiles/vorbis.dir/window.c.o[0m
cd /d E:\TPS_HDD\UE4-HTML5-TPS\Intermediate\1.39.0-fc-mt\libvorbis-1.3.2\BUILD_O3\lib && E:\TPS_HDD\UE4-HTML5-TPS\HTML5_Build\emsdk\emsdk-1.39.0-fastcomp\fastcomp\emscripten\emcc.bat  @CMakeFiles/vorbis.dir/includes_C.rsp -O3 -DNDEBUG -s WASM=1 -s USE_PTHREADS -Wno-implicit-function-declaration -I"/e/TPS_HDD/UE4-HTML5-TPS/HTML5_Build/BatchFiles/../../UE4_ThirdParty/Ogg/libogg-1.2.2/include" -Wno-comment -Wno-shift-op-parentheses   -o CMakeFiles\vorbis.dir\lsp.c.o   -c E:\TPS_HDD\UE4-HTML5-TPS\UE4_ThirdParty\Vorbis\libvorbis-1.3.2\lib\lsp.c
[ 80%] [32mBuilding C object lib/CMakeFiles/vorbis.dir/bitrate.c.o[0m
[ 80%] [32mBuilding C object lib/CMakeFiles/vorbis.dir/floor1.c.o[0m
[ 80%] [32mBuilding C object lib/CMakeFiles/vorbis.dir/psy.c.o[0m
[ 80%] [32mBuilding C object lib/CMakeFiles/vorbis.dir/codebook.c.o[0m
[ 80%] [32mBuilding C object lib/CMakeFiles/vorbis.dir/mapping0.c.o[0m
[ 40%] [32mBuilding C object lib/CMakeFiles/vorbis.dir/envelope.c.o[0m
[ 72%] [32mBuilding C object lib/CMakeFiles/vorbis.dir/sharedbook.c.o[0m
[ 76%] [32mBuilding C object lib/CMakeFiles/vorbis.dir/lpc.c.o[0m
[ 80%] [32mBuilding C object lib/CMakeFiles/vorbis.dir/floor0.c.o[0m
[ 80%] [32mBuilding C object lib/CMakeFiles/vorbis.dir/synthesis.c.o[0m
[ 80%] [32mBuilding C object lib/CMakeFiles/vorbis.dir/info.c.o[0m
[ 80%] [32mBuilding C object lib/CMakeFiles/vorbis.dir/block.c.o[0m
[ 80%] [32mBuilding C object lib/CMakeFiles/vorbis.dir/res0.c.o[0m
[ 80%] [32mBuilding C object lib/CMakeFiles/vorbis.dir/mdct.c.o[0m
cd /d E:\TPS_HDD\UE4-HTML5-TPS\Intermediate\1.39.0-fc-mt\libvorbis-1.3.2\BUILD_O3\lib && E:\TPS_HDD\UE4-HTML5-TPS\HTML5_Build\emsdk\emsdk-1.39.0-fastcomp\fastcomp\emscripten\emcc.bat  @CMakeFiles/vorbis.dir/includes_C.rsp -O3 -DNDEBUG -s WASM=1 -s USE_PTHREADS -Wno-implicit-function-declaration -I"/e/TPS_HDD/UE4-HTML5-TPS/HTML5_Build/BatchFiles/../../UE4_ThirdParty/Ogg/libogg-1.2.2/include" -Wno-comment -Wno-shift-op-parentheses   -o CMakeFiles\vorbis.dir\envelope.c.o   -c E:\TPS_HDD\UE4-HTML5-TPS\UE4_ThirdParty\Vorbis\libvorbis-1.3.2\lib\envelope.c
[ 80%] [32mBuilding C object lib/CMakeFiles/vorbis.dir/lookup.c.o[0m
cd /d E:\TPS_HDD\UE4-HTML5-TPS\Intermediate\1.39.0-fc-mt\libvorbis-1.3.2\BUILD_O3\lib && E:\TPS_HDD\UE4-HTML5-TPS\HTML5_Build\emsdk\emsdk-1.39.0-fastcomp\fastcomp\emscripten\emcc.bat  @CMakeFiles/vorbis.dir/includes_C.rsp -O3 -DNDEBUG -s WASM=1 -s USE_PTHREADS -Wno-implicit-function-declaration -I"/e/TPS_HDD/UE4-HTML5-TPS/HTML5_Build/BatchFiles/../../UE4_ThirdParty/Ogg/libogg-1.2.2/include" -Wno-comment -Wno-shift-op-parentheses   -o CMakeFiles\vorbis.dir\mdct.c.o   -c E:\TPS_HDD\UE4-HTML5-TPS\UE4_ThirdParty\Vorbis\libvorbis-1.3.2\lib\mdct.c
[ 80%] [32mBuilding C object lib/CMakeFiles/vorbis.dir/registry.c.o[0m
cd /d E:\TPS_HDD\UE4-HTML5-TPS\Intermediate\1.39.0-fc-mt\libvorbis-1.3.2\BUILD_O3\lib && E:\TPS_HDD\UE4-HTML5-TPS\HTML5_Build\emsdk\emsdk-1.39.0-fastcomp\fastcomp\emscripten\emcc.bat  @CMakeFiles/vorbis.dir/includes_C.rsp -O3 -DNDEBUG -s WASM=1 -s USE_PTHREADS -Wno-implicit-function-declaration -I"/e/TPS_HDD/UE4-HTML5-TPS/HTML5_Build/BatchFiles/../../UE4_ThirdParty/Ogg/libogg-1.2.2/include" -Wno-comment -Wno-shift-op-parentheses   -o CMakeFiles\vorbis.dir\block.c.o   -c E:\TPS_HDD\UE4-HTML5-TPS\UE4_ThirdParty\Vorbis\libvorbis-1.3.2\lib\block.c
cd /d E:\TPS_HDD\UE4-HTML5-TPS\Intermediate\1.39.0-fc-mt\libvorbis-1.3.2\BUILD_O3\lib && E:\TPS_HDD\UE4-HTML5-TPS\HTML5_Build\emsdk\emsdk-1.39.0-fastcomp\fastcomp\emscripten\emcc.bat  @CMakeFiles/vorbis.dir/includes_C.rsp -O3 -DNDEBUG -s WASM=1 -s USE_PTHREADS -Wno-implicit-function-declaration -I"/e/TPS_HDD/UE4-HTML5-TPS/HTML5_Build/BatchFiles/../../UE4_ThirdParty/Ogg/libogg-1.2.2/include" -Wno-comment -Wno-shift-op-parentheses   -o CMakeFiles\vorbis.dir\window.c.o   -c E:\TPS_HDD\UE4-HTML5-TPS\UE4_ThirdParty\Vorbis\libvorbis-1.3.2\lib\window.c
cd /d E:\TPS_HDD\UE4-HTML5-TPS\Intermediate\1.39.0-fc-mt\libvorbis-1.3.2\BUILD_O3\lib && E:\TPS_HDD\UE4-HTML5-TPS\HTML5_Build\emsdk\emsdk-1.39.0-fastcomp\fastcomp\emscripten\emcc.bat  @CMakeFiles/vorbis.dir/includes_C.rsp -O3 -DNDEBUG -s WASM=1 -s USE_PTHREADS -Wno-implicit-function-declaration -I"/e/TPS_HDD/UE4-HTML5-TPS/HTML5_Build/BatchFiles/../../UE4_ThirdParty/Ogg/libogg-1.2.2/include" -Wno-comment -Wno-shift-op-parentheses   -o CMakeFiles\vorbis.dir\lpc.c.o   -c E:\TPS_HDD\UE4-HTML5-TPS\UE4_ThirdParty\Vorbis\libvorbis-1.3.2\lib\lpc.c
cd /d E:\TPS_HDD\UE4-HTML5-TPS\Intermediate\1.39.0-fc-mt\libvorbis-1.3.2\BUILD_O3\lib && E:\TPS_HDD\UE4-HTML5-TPS\HTML5_Build\emsdk\emsdk-1.39.0-fastcomp\fastcomp\emscripten\emcc.bat  @CMakeFiles/vorbis.dir/includes_C.rsp -O3 -DNDEBUG -s WASM=1 -s USE_PTHREADS -Wno-implicit-function-declaration -I"/e/TPS_HDD/UE4-HTML5-TPS/HTML5_Build/BatchFiles/../../UE4_ThirdParty/Ogg/libogg-1.2.2/include" -Wno-comment -Wno-shift-op-parentheses   -o CMakeFiles\vorbis.dir\synthesis.c.o   -c E:\TPS_HDD\UE4-HTML5-TPS\UE4_ThirdParty\Vorbis\libvorbis-1.3.2\lib\synthesis.c
cd /d E:\TPS_HDD\UE4-HTML5-TPS\Intermediate\1.39.0-fc-mt\libvorbis-1.3.2\BUILD_O3\lib && E:\TPS_HDD\UE4-HTML5-TPS\HTML5_Build\emsdk\emsdk-1.39.0-fastcomp\fastcomp\emscripten\emcc.bat  @CMakeFiles/vorbis.dir/includes_C.rsp -O3 -DNDEBUG -s WASM=1 -s USE_PTHREADS -Wno-implicit-function-declaration -I"/e/TPS_HDD/UE4-HTML5-TPS/HTML5_Build/BatchFiles/../../UE4_ThirdParty/Ogg/libogg-1.2.2/include" -Wno-comment -Wno-shift-op-parentheses   -o CMakeFiles\vorbis.dir\psy.c.o   -c E:\TPS_HDD\UE4-HTML5-TPS\UE4_ThirdParty\Vorbis\libvorbis-1.3.2\lib\psy.c
cd /d E:\TPS_HDD\UE4-HTML5-TPS\Intermediate\1.39.0-fc-mt\libvorbis-1.3.2\BUILD_O3\lib && E:\TPS_HDD\UE4-HTML5-TPS\HTML5_Build\emsdk\emsdk-1.39.0-fastcomp\fastcomp\emscripten\emcc.bat  @CMakeFiles/vorbis.dir/includes_C.rsp -O3 -DNDEBUG -s WASM=1 -s USE_PTHREADS -Wno-implicit-function-declaration -I"/e/TPS_HDD/UE4-HTML5-TPS/HTML5_Build/BatchFiles/../../UE4_ThirdParty/Ogg/libogg-1.2.2/include" -Wno-comment -Wno-shift-op-parentheses   -o CMakeFiles\vorbis.dir\info.c.o   -c E:\TPS_HDD\UE4-HTML5-TPS\UE4_ThirdParty\Vorbis\libvorbis-1.3.2\lib\info.c
cd /d E:\TPS_HDD\UE4-HTML5-TPS\Intermediate\1.39.0-fc-mt\libvorbis-1.3.2\BUILD_O3\lib && E:\TPS_HDD\UE4-HTML5-TPS\HTML5_Build\emsdk\emsdk-1.39.0-fastcomp\fastcomp\emscripten\emcc.bat  @CMakeFiles/vorbis.dir/includes_C.rsp -O3 -DNDEBUG -s WASM=1 -s USE_PTHREADS -Wno-implicit-function-declaration -I"/e/TPS_HDD/UE4-HTML5-TPS/HTML5_Build/BatchFiles/../../UE4_ThirdParty/Ogg/libogg-1.2.2/include" -Wno-comment -Wno-shift-op-parentheses   -o CMakeFiles\vorbis.dir\floor1.c.o   -c E:\TPS_HDD\UE4-HTML5-TPS\UE4_ThirdParty\Vorbis\libvorbis-1.3.2\lib\floor1.c
cd /d E:\TPS_HDD\UE4-HTML5-TPS\Intermediate\1.39.0-fc-mt\libvorbis-1.3.2\BUILD_O3\lib && E:\TPS_HDD\UE4-HTML5-TPS\HTML5_Build\emsdk\emsdk-1.39.0-fastcomp\fastcomp\emscripten\emcc.bat  @CMakeFiles/vorbis.dir/includes_C.rsp -O3 -DNDEBUG -s WASM=1 -s USE_PTHREADS -Wno-implicit-function-declaration -I"/e/TPS_HDD/UE4-HTML5-TPS/HTML5_Build/BatchFiles/../../UE4_ThirdParty/Ogg/libogg-1.2.2/include" -Wno-comment -Wno-shift-op-parentheses   -o CMakeFiles\vorbis.dir\floor0.c.o   -c E:\TPS_HDD\UE4-HTML5-TPS\UE4_ThirdParty\Vorbis\libvorbis-1.3.2\lib\floor0.c
cd /d E:\TPS_HDD\UE4-HTML5-TPS\Intermediate\1.39.0-fc-mt\libvorbis-1.3.2\BUILD_O3\lib && E:\TPS_HDD\UE4-HTML5-TPS\HTML5_Build\emsdk\emsdk-1.39.0-fastcomp\fastcomp\emscripten\emcc.bat  @CMakeFiles/vorbis.dir/includes_C.rsp -O3 -DNDEBUG -s WASM=1 -s USE_PTHREADS -Wno-implicit-function-declaration -I"/e/TPS_HDD/UE4-HTML5-TPS/HTML5_Build/BatchFiles/../../UE4_ThirdParty/Ogg/libogg-1.2.2/include" -Wno-comment -Wno-shift-op-parentheses   -o CMakeFiles\vorbis.dir\res0.c.o   -c E:\TPS_HDD\UE4-HTML5-TPS\UE4_ThirdParty\Vorbis\libvorbis-1.3.2\lib\res0.c
cd /d E:\TPS_HDD\UE4-HTML5-TPS\Intermediate\1.39.0-fc-mt\libvorbis-1.3.2\BUILD_O3\lib && E:\TPS_HDD\UE4-HTML5-TPS\HTML5_Build\emsdk\emsdk-1.39.0-fastcomp\fastcomp\emscripten\emcc.bat  @CMakeFiles/vorbis.dir/includes_C.rsp -O3 -DNDEBUG -s WASM=1 -s USE_PTHREADS -Wno-implicit-function-declaration -I"/e/TPS_HDD/UE4-HTML5-TPS/HTML5_Build/BatchFiles/../../UE4_ThirdParty/Ogg/libogg-1.2.2/include" -Wno-comment -Wno-shift-op-parentheses   -o CMakeFiles\vorbis.dir\mapping0.c.o   -c E:\TPS_HDD\UE4-HTML5-TPS\UE4_ThirdParty\Vorbis\libvorbis-1.3.2\lib\mapping0.c
cd /d E:\TPS_HDD\UE4-HTML5-TPS\Intermediate\1.39.0-fc-mt\libvorbis-1.3.2\BUILD_O3\lib && E:\TPS_HDD\UE4-HTML5-TPS\HTML5_Build\emsdk\emsdk-1.39.0-fastcomp\fastcomp\emscripten\emcc.bat  @CMakeFiles/vorbis.dir/includes_C.rsp -O3 -DNDEBUG -s WASM=1 -s USE_PTHREADS -Wno-implicit-function-declaration -I"/e/TPS_HDD/UE4-HTML5-TPS/HTML5_Build/BatchFiles/../../UE4_ThirdParty/Ogg/libogg-1.2.2/include" -Wno-comment -Wno-shift-op-parentheses   -o CMakeFiles\vorbis.dir\registry.c.o   -c E:\TPS_HDD\UE4-HTML5-TPS\UE4_ThirdParty\Vorbis\libvorbis-1.3.2\lib\registry.c
cd /d E:\TPS_HDD\UE4-HTML5-TPS\Intermediate\1.39.0-fc-mt\libvorbis-1.3.2\BUILD_O3\lib && E:\TPS_HDD\UE4-HTML5-TPS\HTML5_Build\emsdk\emsdk-1.39.0-fastcomp\fastcomp\emscripten\emcc.bat  @CMakeFiles/vorbis.dir/includes_C.rsp -O3 -DNDEBUG -s WASM=1 -s USE_PTHREADS -Wno-implicit-function-declaration -I"/e/TPS_HDD/UE4-HTML5-TPS/HTML5_Build/BatchFiles/../../UE4_ThirdParty/Ogg/libogg-1.2.2/include" -Wno-comment -Wno-shift-op-parentheses   -o CMakeFiles\vorbis.dir\codebook.c.o   -c E:\TPS_HDD\UE4-HTML5-TPS\UE4_ThirdParty\Vorbis\libvorbis-1.3.2\lib\codebook.c
cd /d E:\TPS_HDD\UE4-HTML5-TPS\Intermediate\1.39.0-fc-mt\libvorbis-1.3.2\BUILD_O3\lib && E:\TPS_HDD\UE4-HTML5-TPS\HTML5_Build\emsdk\emsdk-1.39.0-fastcomp\fastcomp\emscripten\emcc.bat  @CMakeFiles/vorbis.dir/includes_C.rsp -O3 -DNDEBUG -s WASM=1 -s USE_PTHREADS -Wno-implicit-function-declaration -I"/e/TPS_HDD/UE4-HTML5-TPS/HTML5_Build/BatchFiles/../../UE4_ThirdParty/Ogg/libogg-1.2.2/include" -Wno-comment -Wno-shift-op-parentheses   -o CMakeFiles\vorbis.dir\sharedbook.c.o   -c E:\TPS_HDD\UE4-HTML5-TPS\UE4_ThirdParty\Vorbis\libvorbis-1.3.2\lib\sharedbook.c
cd /d E:\TPS_HDD\UE4-HTML5-TPS\Intermediate\1.39.0-fc-mt\libvorbis-1.3.2\BUILD_O3\lib && E:\TPS_HDD\UE4-HTML5-TPS\HTML5_Build\emsdk\emsdk-1.39.0-fastcomp\fastcomp\emscripten\emcc.bat  @CMakeFiles/vorbis.dir/includes_C.rsp -O3 -DNDEBUG -s WASM=1 -s USE_PTHREADS -Wno-implicit-function-declaration -I"/e/TPS_HDD/UE4-HTML5-TPS/HTML5_Build/BatchFiles/../../UE4_ThirdParty/Ogg/libogg-1.2.2/include" -Wno-comment -Wno-shift-op-parentheses   -o CMakeFiles\vorbis.dir\lookup.c.o   -c E:\TPS_HDD\UE4-HTML5-TPS\UE4_ThirdParty\Vorbis\libvorbis-1.3.2\lib\lookup.c
cd /d E:\TPS_HDD\UE4-HTML5-TPS\Intermediate\1.39.0-fc-mt\libvorbis-1.3.2\BUILD_O3\lib && E:\TPS_HDD\UE4-HTML5-TPS\HTML5_Build\emsdk\emsdk-1.39.0-fastcomp\fastcomp\emscripten\emcc.bat  @CMakeFiles/vorbis.dir/includes_C.rsp -O3 -DNDEBUG -s WASM=1 -s USE_PTHREADS -Wno-implicit-function-declaration -I"/e/TPS_HDD/UE4-HTML5-TPS/HTML5_Build/BatchFiles/../../UE4_ThirdParty/Ogg/libogg-1.2.2/include" -Wno-comment -Wno-shift-op-parentheses   -o CMakeFiles\vorbis.dir\bitrate.c.o   -c E:\TPS_HDD\UE4-HTML5-TPS\UE4_ThirdParty\Vorbis\libvorbis-1.3.2\lib\bitrate.c
[ 84%] [32m[1mLinking C static library libvorbis.bc[0m
cd /d E:\TPS_HDD\UE4-HTML5-TPS\Intermediate\1.39.0-fc-mt\libvorbis-1.3.2\BUILD_O3\lib && "C:\Program Files\CMake\bin\cmake.exe" -P CMakeFiles\vorbis.dir\cmake_clean_target.cmake
cd /d E:\TPS_HDD\UE4-HTML5-TPS\Intermediate\1.39.0-fc-mt\libvorbis-1.3.2\BUILD_O3\lib && "C:\Program Files\CMake\bin\cmake.exe" -E cmake_link_script CMakeFiles\vorbis.dir\link.txt --verbose=1
E:\TPS_HDD\UE4-HTML5-TPS\HTML5_Build\emsdk\emsdk-1.39.0-fastcomp\fastcomp\emscripten\emcc.bat -o libvorbis.bc  @CMakeFiles\vorbis.dir\objects1.rsp
shared:WARNING: Assuming object file output in the absence of `-c`, based on output filename. Please add with `-c` or `-r` to avoid this warning
mingw32-make.exe[2]: Leaving directory 'E:/TPS_HDD/UE4-HTML5-TPS/Intermediate/1.39.0-fc-mt/libvorbis-1.3.2/BUILD_O3'
[ 84%] Built target vorbis
E:/TPS_HDD/UE4-HTML5-TPS/HTML5_Build/emsdk/emsdk-1.39.0-fastcomp/mingw/7.1.0_64bit/bin/mingw32-make.exe  -f lib\CMakeFiles\vorbisenc.dir\build.make lib/CMakeFiles/vorbisenc.dir/depend
E:/TPS_HDD/UE4-HTML5-TPS/HTML5_Build/emsdk/emsdk-1.39.0-fastcomp/mingw/7.1.0_64bit/bin/mingw32-make.exe  -f lib\CMakeFiles\vorbisfile.dir\build.make lib/CMakeFiles/vorbisfile.dir/depend
mingw32-make.exe[2]: Entering directory 'E:/TPS_HDD/UE4-HTML5-TPS/Intermediate/1.39.0-fc-mt/libvorbis-1.3.2/BUILD_O3'
"C:\Program Files\CMake\bin\cmake.exe" -E cmake_depends "MinGW Makefiles" E:\TPS_HDD\UE4-HTML5-TPS\UE4_ThirdParty\Vorbis\libvorbis-1.3.2 E:\TPS_HDD\UE4-HTML5-TPS\UE4_ThirdParty\Vorbis\libvorbis-1.3.2\lib E:\TPS_HDD\UE4-HTML5-TPS\Intermediate\1.39.0-fc-mt\libvorbis-1.3.2\BUILD_O3 E:\TPS_HDD\UE4-HTML5-TPS\Intermediate\1.39.0-fc-mt\libvorbis-1.3.2\BUILD_O3\lib E:\TPS_HDD\UE4-HTML5-TPS\Intermediate\1.39.0-fc-mt\libvorbis-1.3.2\BUILD_O3\lib\CMakeFiles\vorbisenc.dir\DependInfo.cmake --color=
mingw32-make.exe[2]: Entering directory 'E:/TPS_HDD/UE4-HTML5-TPS/Intermediate/1.39.0-fc-mt/libvorbis-1.3.2/BUILD_O3'
"C:\Program Files\CMake\bin\cmake.exe" -E cmake_depends "MinGW Makefiles" E:\TPS_HDD\UE4-HTML5-TPS\UE4_ThirdParty\Vorbis\libvorbis-1.3.2 E:\TPS_HDD\UE4-HTML5-TPS\UE4_ThirdParty\Vorbis\libvorbis-1.3.2\lib E:\TPS_HDD\UE4-HTML5-TPS\Intermediate\1.39.0-fc-mt\libvorbis-1.3.2\BUILD_O3 E:\TPS_HDD\UE4-HTML5-TPS\Intermediate\1.39.0-fc-mt\libvorbis-1.3.2\BUILD_O3\lib E:\TPS_HDD\UE4-HTML5-TPS\Intermediate\1.39.0-fc-mt\libvorbis-1.3.2\BUILD_O3\lib\CMakeFiles\vorbisfile.dir\DependInfo.cmake --color=
Dependee "E:\TPS_HDD\UE4-HTML5-TPS\Intermediate\1.39.0-fc-mt\libvorbis-1.3.2\BUILD_O3\lib\CMakeFiles\vorbisenc.dir\DependInfo.cmake" is newer than depender "E:/TPS_HDD/UE4-HTML5-TPS/Intermediate/1.39.0-fc-mt/libvorbis-1.3.2/BUILD_O3/lib/CMakeFiles/vorbisenc.dir/depend.internal".
Dependee "E:/TPS_HDD/UE4-HTML5-TPS/Intermediate/1.39.0-fc-mt/libvorbis-1.3.2/BUILD_O3/lib/CMakeFiles/CMakeDirectoryInformation.cmake" is newer than depender "E:/TPS_HDD/UE4-HTML5-TPS/Intermediate/1.39.0-fc-mt/libvorbis-1.3.2/BUILD_O3/lib/CMakeFiles/vorbisenc.dir/depend.internal".
Dependee "E:\TPS_HDD\UE4-HTML5-TPS\Intermediate\1.39.0-fc-mt\libvorbis-1.3.2\BUILD_O3\lib\CMakeFiles\vorbisfile.dir\DependInfo.cmake" is newer than depender "E:/TPS_HDD/UE4-HTML5-TPS/Intermediate/1.39.0-fc-mt/libvorbis-1.3.2/BUILD_O3/lib/CMakeFiles/vorbisfile.dir/depend.internal".
Dependee "E:/TPS_HDD/UE4-HTML5-TPS/Intermediate/1.39.0-fc-mt/libvorbis-1.3.2/BUILD_O3/lib/CMakeFiles/CMakeDirectoryInformation.cmake" is newer than depender "E:/TPS_HDD/UE4-HTML5-TPS/Intermediate/1.39.0-fc-mt/libvorbis-1.3.2/BUILD_O3/lib/CMakeFiles/vorbisfile.dir/depend.internal".
[35m[1mScanning dependencies of target vorbisfile[0m
mingw32-make.exe[2]: Leaving directory 'E:/TPS_HDD/UE4-HTML5-TPS/Intermediate/1.39.0-fc-mt/libvorbis-1.3.2/BUILD_O3'
E:/TPS_HDD/UE4-HTML5-TPS/HTML5_Build/emsdk/emsdk-1.39.0-fastcomp/mingw/7.1.0_64bit/bin/mingw32-make.exe  -f lib\CMakeFiles\vorbisfile.dir\build.make lib/CMakeFiles/vorbisfile.dir/build
mingw32-make.exe[2]: Entering directory 'E:/TPS_HDD/UE4-HTML5-TPS/Intermediate/1.39.0-fc-mt/libvorbis-1.3.2/BUILD_O3'
[ 88%] [32mBuilding C object lib/CMakeFiles/vorbisfile.dir/vorbisfile.c.o[0m
[35m[1mScanning dependencies of target vorbisenc[0m
mingw32-make.exe[2]: Leaving directory 'E:/TPS_HDD/UE4-HTML5-TPS/Intermediate/1.39.0-fc-mt/libvorbis-1.3.2/BUILD_O3'
E:/TPS_HDD/UE4-HTML5-TPS/HTML5_Build/emsdk/emsdk-1.39.0-fastcomp/mingw/7.1.0_64bit/bin/mingw32-make.exe  -f lib\CMakeFiles\vorbisenc.dir\build.make lib/CMakeFiles/vorbisenc.dir/build
cd /d E:\TPS_HDD\UE4-HTML5-TPS\Intermediate\1.39.0-fc-mt\libvorbis-1.3.2\BUILD_O3\lib && E:\TPS_HDD\UE4-HTML5-TPS\HTML5_Build\emsdk\emsdk-1.39.0-fastcomp\fastcomp\emscripten\emcc.bat  @CMakeFiles/vorbisfile.dir/includes_C.rsp -O3 -DNDEBUG -s WASM=1 -s USE_PTHREADS -Wno-implicit-function-declaration -I"/e/TPS_HDD/UE4-HTML5-TPS/HTML5_Build/BatchFiles/../../UE4_ThirdParty/Ogg/libogg-1.2.2/include" -Wno-comment -Wno-shift-op-parentheses   -o CMakeFiles\vorbisfile.dir\vorbisfile.c.o   -c E:\TPS_HDD\UE4-HTML5-TPS\UE4_ThirdParty\Vorbis\libvorbis-1.3.2\lib\vorbisfile.c
mingw32-make.exe[2]: Entering directory 'E:/TPS_HDD/UE4-HTML5-TPS/Intermediate/1.39.0-fc-mt/libvorbis-1.3.2/BUILD_O3'
[ 92%] [32mBuilding C object lib/CMakeFiles/vorbisenc.dir/vorbisenc.c.o[0m
cd /d E:\TPS_HDD\UE4-HTML5-TPS\Intermediate\1.39.0-fc-mt\libvorbis-1.3.2\BUILD_O3\lib && E:\TPS_HDD\UE4-HTML5-TPS\HTML5_Build\emsdk\emsdk-1.39.0-fastcomp\fastcomp\emscripten\emcc.bat  @CMakeFiles/vorbisenc.dir/includes_C.rsp -O3 -DNDEBUG -s WASM=1 -s USE_PTHREADS -Wno-implicit-function-declaration -I"/e/TPS_HDD/UE4-HTML5-TPS/HTML5_Build/BatchFiles/../../UE4_ThirdParty/Ogg/libogg-1.2.2/include" -Wno-comment -Wno-shift-op-parentheses   -o CMakeFiles\vorbisenc.dir\vorbisenc.c.o   -c E:\TPS_HDD\UE4-HTML5-TPS\UE4_ThirdParty\Vorbis\libvorbis-1.3.2\lib\vorbisenc.c
[ 96%] [32m[1mLinking C static library libvorbisfile.bc[0m
cd /d E:\TPS_HDD\UE4-HTML5-TPS\Intermediate\1.39.0-fc-mt\libvorbis-1.3.2\BUILD_O3\lib && "C:\Program Files\CMake\bin\cmake.exe" -P CMakeFiles\vorbisfile.dir\cmake_clean_target.cmake
cd /d E:\TPS_HDD\UE4-HTML5-TPS\Intermediate\1.39.0-fc-mt\libvorbis-1.3.2\BUILD_O3\lib && "C:\Program Files\CMake\bin\cmake.exe" -E cmake_link_script CMakeFiles\vorbisfile.dir\link.txt --verbose=1
E:\TPS_HDD\UE4-HTML5-TPS\HTML5_Build\emsdk\emsdk-1.39.0-fastcomp\fastcomp\emscripten\emcc.bat -o libvorbisfile.bc  @CMakeFiles\vorbisfile.dir\objects1.rsp
shared:WARNING: Assuming object file output in the absence of `-c`, based on output filename. Please add with `-c` or `-r` to avoid this warning
mingw32-make.exe[2]: Leaving directory 'E:/TPS_HDD/UE4-HTML5-TPS/Intermediate/1.39.0-fc-mt/libvorbis-1.3.2/BUILD_O3'
[ 96%] Built target vorbisfile
[100%] [32m[1mLinking C static library libvorbisenc.bc[0m
cd /d E:\TPS_HDD\UE4-HTML5-TPS\Intermediate\1.39.0-fc-mt\libvorbis-1.3.2\BUILD_O3\lib && "C:\Program Files\CMake\bin\cmake.exe" -P CMakeFiles\vorbisenc.dir\cmake_clean_target.cmake
cd /d E:\TPS_HDD\UE4-HTML5-TPS\Intermediate\1.39.0-fc-mt\libvorbis-1.3.2\BUILD_O3\lib && "C:\Program Files\CMake\bin\cmake.exe" -E cmake_link_script CMakeFiles\vorbisenc.dir\link.txt --verbose=1
E:\TPS_HDD\UE4-HTML5-TPS\HTML5_Build\emsdk\emsdk-1.39.0-fastcomp\fastcomp\emscripten\emcc.bat -o libvorbisenc.bc  @CMakeFiles\vorbisenc.dir\objects1.rsp
shared:WARNING: Assuming object file output in the absence of `-c`, based on output filename. Please add with `-c` or `-r` to avoid this warning
mingw32-make.exe[2]: Leaving directory 'E:/TPS_HDD/UE4-HTML5-TPS/Intermediate/1.39.0-fc-mt/libvorbis-1.3.2/BUILD_O3'
[100%] Built target vorbisenc
mingw32-make.exe[1]: Leaving directory 'E:/TPS_HDD/UE4-HTML5-TPS/Intermediate/1.39.0-fc-mt/libvorbis-1.3.2/BUILD_O3'
"C:\Program Files\CMake\bin\cmake.exe" -E cmake_progress_start E:\TPS_HDD\UE4-HTML5-TPS\Intermediate\1.39.0-fc-mt\libvorbis-1.3.2\BUILD_O3\CMakeFiles 0
