"C:\Program Files\CMake\bin\cmake.exe" -SE:\TPS_HDD\UE4-HTML5-TPS\HTML5_Build\BatchFiles\ThirdParty\zlib\zlib-1.2.8 -BE:\TPS_HDD\UE4-HTML5-TPS\Intermediate\1.39.0-fc\zlib-1.2.8\BUILD_O2 --check-build-system CMakeFiles\Makefile.cmake 0
E:/TPS_HDD/UE4-HTML5-TPS/HTML5_Build/emsdk/emsdk-1.39.0-fastcomp/mingw/7.1.0_64bit/bin/mingw32-make.exe  -f CMakeFiles\Makefile2 zlib
mingw32-make.exe[1]: Entering directory 'E:/TPS_HDD/UE4-HTML5-TPS/Intermediate/1.39.0-fc/zlib-1.2.8/BUILD_O2'
"C:\Program Files\CMake\bin\cmake.exe" -SE:\TPS_HDD\UE4-HTML5-TPS\HTML5_Build\BatchFiles\ThirdParty\zlib\zlib-1.2.8 -BE:\TPS_HDD\UE4-HTML5-TPS\Intermediate\1.39.0-fc\zlib-1.2.8\BUILD_O2 --check-build-system CMakeFiles\Makefile.cmake 0
"C:\Program Files\CMake\bin\cmake.exe" -E cmake_progress_start E:\TPS_HDD\UE4-HTML5-TPS\Intermediate\1.39.0-fc\zlib-1.2.8\BUILD_O2\CMakeFiles 16
E:/TPS_HDD/UE4-HTML5-TPS/HTML5_Build/emsdk/emsdk-1.39.0-fastcomp/mingw/7.1.0_64bit/bin/mingw32-make.exe  -f CMakeFiles\Makefile2 CMakeFiles/zlib.dir/all
mingw32-make.exe[2]: Entering directory 'E:/TPS_HDD/UE4-HTML5-TPS/Intermediate/1.39.0-fc/zlib-1.2.8/BUILD_O2'
E:/TPS_HDD/UE4-HTML5-TPS/HTML5_Build/emsdk/emsdk-1.39.0-fastcomp/mingw/7.1.0_64bit/bin/mingw32-make.exe  -f CMakeFiles\zlib.dir\build.make CMakeFiles/zlib.dir/depend
mingw32-make.exe[3]: Entering directory 'E:/TPS_HDD/UE4-HTML5-TPS/Intermediate/1.39.0-fc/zlib-1.2.8/BUILD_O2'
"C:\Program Files\CMake\bin\cmake.exe" -E cmake_depends "MinGW Makefiles" E:\TPS_HDD\UE4-HTML5-TPS\HTML5_Build\BatchFiles\ThirdParty\zlib\zlib-1.2.8 E:\TPS_HDD\UE4-HTML5-TPS\HTML5_Build\BatchFiles\ThirdParty\zlib\zlib-1.2.8 E:\TPS_HDD\UE4-HTML5-TPS\Intermediate\1.39.0-fc\zlib-1.2.8\BUILD_O2 E:\TPS_HDD\UE4-HTML5-TPS\Intermediate\1.39.0-fc\zlib-1.2.8\BUILD_O2 E:\TPS_HDD\UE4-HTML5-TPS\Intermediate\1.39.0-fc\zlib-1.2.8\BUILD_O2\CMakeFiles\zlib.dir\DependInfo.cmake --color=
Dependee "E:\TPS_HDD\UE4-HTML5-TPS\Intermediate\1.39.0-fc\zlib-1.2.8\BUILD_O2\CMakeFiles\zlib.dir\DependInfo.cmake" is newer than depender "E:/TPS_HDD/UE4-HTML5-TPS/Intermediate/1.39.0-fc/zlib-1.2.8/BUILD_O2/CMakeFiles/zlib.dir/depend.internal".
Dependee "E:/TPS_HDD/UE4-HTML5-TPS/Intermediate/1.39.0-fc/zlib-1.2.8/BUILD_O2/CMakeFiles/CMakeDirectoryInformation.cmake" is newer than depender "E:/TPS_HDD/UE4-HTML5-TPS/Intermediate/1.39.0-fc/zlib-1.2.8/BUILD_O2/CMakeFiles/zlib.dir/depend.internal".
[35m[1mScanning dependencies of target zlib[0m
mingw32-make.exe[3]: Leaving directory 'E:/TPS_HDD/UE4-HTML5-TPS/Intermediate/1.39.0-fc/zlib-1.2.8/BUILD_O2'
E:/TPS_HDD/UE4-HTML5-TPS/HTML5_Build/emsdk/emsdk-1.39.0-fastcomp/mingw/7.1.0_64bit/bin/mingw32-make.exe  -f CMakeFiles\zlib.dir\build.make CMakeFiles/zlib.dir/build
mingw32-make.exe[3]: Entering directory 'E:/TPS_HDD/UE4-HTML5-TPS/Intermediate/1.39.0-fc/zlib-1.2.8/BUILD_O2'
[ 93%] [32mBuilding C object CMakeFiles/zlib.dir/compress.c.o[0m
[ 93%] [32mBuilding C object CMakeFiles/zlib.dir/gzclose.c.o[0m
[ 93%] [32mBuilding C object CMakeFiles/zlib.dir/gzlib.c.o[0m
E:\TPS_HDD\UE4-HTML5-TPS\HTML5_Build\emsdk\emsdk-1.39.0-fastcomp\fastcomp\emscripten\emcc.bat -D_LARGEFILE64_SOURCE=1 @CMakeFiles/zlib.dir/includes_C.rsp -O2 -DNDEBUG -s WASM=1 -Wno-implicit-function-declaration -Wno-shift-negative-value   -o CMakeFiles\zlib.dir\gzlib.c.o   -c E:\TPS_HDD\UE4-HTML5-TPS\HTML5_Build\BatchFiles\ThirdParty\zlib\zlib-1.2.8\gzlib.c
E:\TPS_HDD\UE4-HTML5-TPS\HTML5_Build\emsdk\emsdk-1.39.0-fastcomp\fastcomp\emscripten\emcc.bat -D_LARGEFILE64_SOURCE=1 @CMakeFiles/zlib.dir/includes_C.rsp -O2 -DNDEBUG -s WASM=1 -Wno-implicit-function-declaration -Wno-shift-negative-value   -o CMakeFiles\zlib.dir\compress.c.o   -c E:\TPS_HDD\UE4-HTML5-TPS\HTML5_Build\BatchFiles\ThirdParty\zlib\zlib-1.2.8\compress.c
E:\TPS_HDD\UE4-HTML5-TPS\HTML5_Build\emsdk\emsdk-1.39.0-fastcomp\fastcomp\emscripten\emcc.bat -D_LARGEFILE64_SOURCE=1 @CMakeFiles/zlib.dir/includes_C.rsp -O2 -DNDEBUG -s WASM=1 -Wno-implicit-function-declaration -Wno-shift-negative-value   -o CMakeFiles\zlib.dir\gzclose.c.o   -c E:\TPS_HDD\UE4-HTML5-TPS\HTML5_Build\BatchFiles\ThirdParty\zlib\zlib-1.2.8\gzclose.c
[ 93%] [32mBuilding C object CMakeFiles/zlib.dir/inflate.c.o[0m
[ 93%] [32mBuilding C object CMakeFiles/zlib.dir/inftrees.c.o[0m
[ 93%] [32mBuilding C object CMakeFiles/zlib.dir/inffast.c.o[0m
[ 93%] [32mBuilding C object CMakeFiles/zlib.dir/deflate.c.o[0m
[ 93%] [32mBuilding C object CMakeFiles/zlib.dir/zutil.c.o[0m
[ 93%] [32mBuilding C object CMakeFiles/zlib.dir/gzwrite.c.o[0m
[ 93%] [32mBuilding C object CMakeFiles/zlib.dir/adler32.c.o[0m
E:\TPS_HDD\UE4-HTML5-TPS\HTML5_Build\emsdk\emsdk-1.39.0-fastcomp\fastcomp\emscripten\emcc.bat -D_LARGEFILE64_SOURCE=1 @CMakeFiles/zlib.dir/includes_C.rsp -O2 -DNDEBUG -s WASM=1 -Wno-implicit-function-declaration -Wno-shift-negative-value   -o CMakeFiles\zlib.dir\inflate.c.o   -c E:\TPS_HDD\UE4-HTML5-TPS\HTML5_Build\BatchFiles\ThirdParty\zlib\zlib-1.2.8\inflate.c
[ 93%] [32mBuilding C object CMakeFiles/zlib.dir/infback.c.o[0m
[ 93%] [32mBuilding C object CMakeFiles/zlib.dir/crc32.c.o[0m
E:\TPS_HDD\UE4-HTML5-TPS\HTML5_Build\emsdk\emsdk-1.39.0-fastcomp\fastcomp\emscripten\emcc.bat -D_LARGEFILE64_SOURCE=1 @CMakeFiles/zlib.dir/includes_C.rsp -O2 -DNDEBUG -s WASM=1 -Wno-implicit-function-declaration -Wno-shift-negative-value   -o CMakeFiles\zlib.dir\deflate.c.o   -c E:\TPS_HDD\UE4-HTML5-TPS\HTML5_Build\BatchFiles\ThirdParty\zlib\zlib-1.2.8\deflate.c
E:\TPS_HDD\UE4-HTML5-TPS\HTML5_Build\emsdk\emsdk-1.39.0-fastcomp\fastcomp\emscripten\emcc.bat -D_LARGEFILE64_SOURCE=1 @CMakeFiles/zlib.dir/includes_C.rsp -O2 -DNDEBUG -s WASM=1 -Wno-implicit-function-declaration -Wno-shift-negative-value   -o CMakeFiles\zlib.dir\adler32.c.o   -c E:\TPS_HDD\UE4-HTML5-TPS\HTML5_Build\BatchFiles\ThirdParty\zlib\zlib-1.2.8\adler32.c
E:\TPS_HDD\UE4-HTML5-TPS\HTML5_Build\emsdk\emsdk-1.39.0-fastcomp\fastcomp\emscripten\emcc.bat -D_LARGEFILE64_SOURCE=1 @CMakeFiles/zlib.dir/includes_C.rsp -O2 -DNDEBUG -s WASM=1 -Wno-implicit-function-declaration -Wno-shift-negative-value   -o CMakeFiles\zlib.dir\inftrees.c.o   -c E:\TPS_HDD\UE4-HTML5-TPS\HTML5_Build\BatchFiles\ThirdParty\zlib\zlib-1.2.8\inftrees.c
E:\TPS_HDD\UE4-HTML5-TPS\HTML5_Build\emsdk\emsdk-1.39.0-fastcomp\fastcomp\emscripten\emcc.bat -D_LARGEFILE64_SOURCE=1 @CMakeFiles/zlib.dir/includes_C.rsp -O2 -DNDEBUG -s WASM=1 -Wno-implicit-function-declaration -Wno-shift-negative-value   -o CMakeFiles\zlib.dir\inffast.c.o   -c E:\TPS_HDD\UE4-HTML5-TPS\HTML5_Build\BatchFiles\ThirdParty\zlib\zlib-1.2.8\inffast.c
E:\TPS_HDD\UE4-HTML5-TPS\HTML5_Build\emsdk\emsdk-1.39.0-fastcomp\fastcomp\emscripten\emcc.bat -D_LARGEFILE64_SOURCE=1 @CMakeFiles/zlib.dir/includes_C.rsp -O2 -DNDEBUG -s WASM=1 -Wno-implicit-function-declaration -Wno-shift-negative-value   -o CMakeFiles\zlib.dir\zutil.c.o   -c E:\TPS_HDD\UE4-HTML5-TPS\HTML5_Build\BatchFiles\ThirdParty\zlib\zlib-1.2.8\zutil.c
[ 93%] [32mBuilding C object CMakeFiles/zlib.dir/gzread.c.o[0m
[ 93%] [32mBuilding C object CMakeFiles/zlib.dir/trees.c.o[0m
[ 93%] [32mBuilding C object CMakeFiles/zlib.dir/uncompr.c.o[0m
E:\TPS_HDD\UE4-HTML5-TPS\HTML5_Build\emsdk\emsdk-1.39.0-fastcomp\fastcomp\emscripten\emcc.bat -D_LARGEFILE64_SOURCE=1 @CMakeFiles/zlib.dir/includes_C.rsp -O2 -DNDEBUG -s WASM=1 -Wno-implicit-function-declaration -Wno-shift-negative-value   -o CMakeFiles\zlib.dir\crc32.c.o   -c E:\TPS_HDD\UE4-HTML5-TPS\HTML5_Build\BatchFiles\ThirdParty\zlib\zlib-1.2.8\crc32.c
E:\TPS_HDD\UE4-HTML5-TPS\HTML5_Build\emsdk\emsdk-1.39.0-fastcomp\fastcomp\emscripten\emcc.bat -D_LARGEFILE64_SOURCE=1 @CMakeFiles/zlib.dir/includes_C.rsp -O2 -DNDEBUG -s WASM=1 -Wno-implicit-function-declaration -Wno-shift-negative-value   -o CMakeFiles\zlib.dir\infback.c.o   -c E:\TPS_HDD\UE4-HTML5-TPS\HTML5_Build\BatchFiles\ThirdParty\zlib\zlib-1.2.8\infback.c
E:\TPS_HDD\UE4-HTML5-TPS\HTML5_Build\emsdk\emsdk-1.39.0-fastcomp\fastcomp\emscripten\emcc.bat -D_LARGEFILE64_SOURCE=1 @CMakeFiles/zlib.dir/includes_C.rsp -O2 -DNDEBUG -s WASM=1 -Wno-implicit-function-declaration -Wno-shift-negative-value   -o CMakeFiles\zlib.dir\gzwrite.c.o   -c E:\TPS_HDD\UE4-HTML5-TPS\HTML5_Build\BatchFiles\ThirdParty\zlib\zlib-1.2.8\gzwrite.c
E:\TPS_HDD\UE4-HTML5-TPS\HTML5_Build\emsdk\emsdk-1.39.0-fastcomp\fastcomp\emscripten\emcc.bat -D_LARGEFILE64_SOURCE=1 @CMakeFiles/zlib.dir/includes_C.rsp -O2 -DNDEBUG -s WASM=1 -Wno-implicit-function-declaration -Wno-shift-negative-value   -o CMakeFiles\zlib.dir\gzread.c.o   -c E:\TPS_HDD\UE4-HTML5-TPS\HTML5_Build\BatchFiles\ThirdParty\zlib\zlib-1.2.8\gzread.c
E:\TPS_HDD\UE4-HTML5-TPS\HTML5_Build\emsdk\emsdk-1.39.0-fastcomp\fastcomp\emscripten\emcc.bat -D_LARGEFILE64_SOURCE=1 @CMakeFiles/zlib.dir/includes_C.rsp -O2 -DNDEBUG -s WASM=1 -Wno-implicit-function-declaration -Wno-shift-negative-value   -o CMakeFiles\zlib.dir\uncompr.c.o   -c E:\TPS_HDD\UE4-HTML5-TPS\HTML5_Build\BatchFiles\ThirdParty\zlib\zlib-1.2.8\uncompr.c
E:\TPS_HDD\UE4-HTML5-TPS\HTML5_Build\emsdk\emsdk-1.39.0-fastcomp\fastcomp\emscripten\emcc.bat -D_LARGEFILE64_SOURCE=1 @CMakeFiles/zlib.dir/includes_C.rsp -O2 -DNDEBUG -s WASM=1 -Wno-implicit-function-declaration -Wno-shift-negative-value   -o CMakeFiles\zlib.dir\trees.c.o   -c E:\TPS_HDD\UE4-HTML5-TPS\HTML5_Build\BatchFiles\ThirdParty\zlib\zlib-1.2.8\trees.c
[100%] [32m[1mLinking C static library libz.bc[0m
"C:\Program Files\CMake\bin\cmake.exe" -P CMakeFiles\zlib.dir\cmake_clean_target.cmake
"C:\Program Files\CMake\bin\cmake.exe" -E cmake_link_script CMakeFiles\zlib.dir\link.txt --verbose=1
E:\TPS_HDD\UE4-HTML5-TPS\HTML5_Build\emsdk\emsdk-1.39.0-fastcomp\fastcomp\emscripten\emcc.bat -o libz.bc  @CMakeFiles\zlib.dir\objects1.rsp
shared:WARNING: Assuming object file output in the absence of `-c`, based on output filename. Please add with `-c` or `-r` to avoid this warning
mingw32-make.exe[3]: Leaving directory 'E:/TPS_HDD/UE4-HTML5-TPS/Intermediate/1.39.0-fc/zlib-1.2.8/BUILD_O2'
[100%] Built target zlib
mingw32-make.exe[2]: Leaving directory 'E:/TPS_HDD/UE4-HTML5-TPS/Intermediate/1.39.0-fc/zlib-1.2.8/BUILD_O2'
"C:\Program Files\CMake\bin\cmake.exe" -E cmake_progress_start E:\TPS_HDD\UE4-HTML5-TPS\Intermediate\1.39.0-fc\zlib-1.2.8\BUILD_O2\CMakeFiles 0
mingw32-make.exe[1]: Leaving directory 'E:/TPS_HDD/UE4-HTML5-TPS/Intermediate/1.39.0-fc/zlib-1.2.8/BUILD_O2'
